<?xml version="1.0" encoding="UTF-8"?>
<!-- Generated by org.testng.reporters.JUnitReportReporter -->
<testsuite hostname="LTIN208678" failures="0" tests="4" name="testCases.TC_03_HealthPage" time="46.495" errors="0" timestamp="2024-02-23T09:06:02 IST" skipped="0">
  <testcase classname="testCases.TC_03_HealthPage" name="navigateToHospital" time="10.500"/>
  <system-out/>
  <testcase classname="testCases.TC_03_HealthPage" name="negativeTesting" time="1.948"/>
  <system-out/>
  <testcase classname="testCases.TC_03_HealthPage" name="positiveTesting" time="18.656"/>
  <system-out/>
  <testcase classname="testCases.TC_03_HealthPage" name="displayResponse" time="15.391"/>
  <system-out/>
</testsuite> <!-- testCases.TC_03_HealthPage -->
