<?xml version="1.0" encoding="UTF-8"?>
<!-- Generated by org.testng.reporters.JUnitReportReporter -->
<testsuite hostname="LTIN208678" failures="0" tests="2" name="testCases.TC_02_SurgeryPage" time="12.659" errors="0" timestamp="2024-02-23T09:06:02 IST" skipped="0">
  <testcase classname="testCases.TC_02_SurgeryPage" name="navigateToSurgeries" time="4.636"/>
  <system-out/>
  <testcase classname="testCases.TC_02_SurgeryPage" name="displaySurgeryElements" time="8.023"/>
  <system-out/>
</testsuite> <!-- testCases.TC_02_SurgeryPage -->
