<?xml version="1.0" encoding="UTF-8"?>
<!-- Generated by org.testng.reporters.JUnitReportReporter -->
<testsuite hostname="LTIN208678" failures="0" tests="2" name="testCases.TC_02_SurgeryTest" time="29.000" errors="0" timestamp="2024-02-28T06:27:00 IST" skipped="0">
  <testcase classname="testCases.TC_02_SurgeryTest" name="navigateToSurgeries" time="4.870"/>
  <system-out/>
  <testcase classname="testCases.TC_02_SurgeryTest" name="displaySurgeryElements" time="24.130"/>
  <system-out/>
</testsuite> <!-- testCases.TC_02_SurgeryTest -->
