<?xml version="1.0" encoding="UTF-8"?>
<!-- Generated by org.testng.reporters.JUnitReportReporter -->
<testsuite hostname="LTIN208678" failures="0" tests="16" name="testCases.TC_01_Dentist" time="72.780" errors="0" timestamp="2024-02-25T09:07:04 IST" skipped="0">
  <testcase classname="testCases.TC_01_Dentist" name="location" time="12.242"/>
  <system-out/>
  <testcase classname="testCases.TC_01_Dentist" name="location" time="11.251"/>
  <system-out/>
  <testcase classname="testCases.TC_01_Dentist" name="patientFilter" time="3.532"/>
  <system-out/>
  <testcase classname="testCases.TC_01_Dentist" name="patientFilter" time="3.378"/>
  <system-out/>
  <testcase classname="testCases.TC_01_Dentist" name="experienceFilter" time="5.626"/>
  <system-out/>
  <testcase classname="testCases.TC_01_Dentist" name="experienceFilter" time="5.824"/>
  <system-out/>
  <testcase classname="testCases.TC_01_Dentist" name="allFilters" time="2.076"/>
  <system-out/>
  <testcase classname="testCases.TC_01_Dentist" name="allFilters" time="2.120"/>
  <system-out/>
  <testcase classname="testCases.TC_01_Dentist" name="feesFilter" time="2.134"/>
  <system-out/>
  <testcase classname="testCases.TC_01_Dentist" name="feesFilter" time="2.541"/>
  <system-out/>
  <testcase classname="testCases.TC_01_Dentist" name="sortFilter" time="2.957"/>
  <system-out/>
  <testcase classname="testCases.TC_01_Dentist" name="sortFilter" time="2.811"/>
  <system-out/>
  <testcase classname="testCases.TC_01_Dentist" name="availableFilter" time="4.183"/>
  <system-out/>
  <testcase classname="testCases.TC_01_Dentist" name="availableFilter" time="4.228"/>
  <system-out/>
  <testcase classname="testCases.TC_01_Dentist" name="displayDoctorInfo" time="2.212"/>
  <system-out/>
  <testcase classname="testCases.TC_01_Dentist" name="displayDoctorInfo" time="5.665"/>
  <system-out/>
</testsuite> <!-- testCases.TC_01_Dentist -->
