<?xml version="1.0" encoding="UTF-8"?>
<!-- Generated by org.testng.reporters.JUnitReportReporter -->
<testsuite hostname="LTIN208678" failures="0" tests="8" name="testCases.TC_01_DoctorTest" time="43.128" errors="0" timestamp="2024-02-28T06:27:00 IST" skipped="0">
  <testcase classname="testCases.TC_01_DoctorTest" name="location" time="15.843"/>
  <system-out/>
  <testcase classname="testCases.TC_01_DoctorTest" name="patientFilter" time="3.477"/>
  <system-out/>
  <testcase classname="testCases.TC_01_DoctorTest" name="experienceFilter" time="5.585"/>
  <system-out/>
  <testcase classname="testCases.TC_01_DoctorTest" name="allFilters" time="2.346"/>
  <system-out/>
  <testcase classname="testCases.TC_01_DoctorTest" name="feesFilter" time="2.105"/>
  <system-out/>
  <testcase classname="testCases.TC_01_DoctorTest" name="sortFilter" time="4.795"/>
  <system-out/>
  <testcase classname="testCases.TC_01_DoctorTest" name="availableFilter" time="4.362"/>
  <system-out/>
  <testcase classname="testCases.TC_01_DoctorTest" name="displayDoctorInfo" time="4.615"/>
  <system-out/>
</testsuite> <!-- testCases.TC_01_DoctorTest -->
