<?xml version="1.0" encoding="UTF-8"?>
<!-- Generated by org.testng.reporters.JUnitReportReporter -->
<testsuite hostname="LTIN208678" failures="0" tests="5" name="testCases.TC_03_HealthTest" time="38.040" errors="0" timestamp="2024-02-28T06:27:00 IST" skipped="0">
  <testcase classname="testCases.TC_03_HealthTest" name="navigateToHospital" time="7.351"/>
  <system-out/>
  <testcase classname="testCases.TC_03_HealthTest" name="negativeTesting" time="7.119"/>
  <system-out/>
  <testcase classname="testCases.TC_03_HealthTest" name="positiveTesting" time="22.135"/>
  <system-out/>
  <testcase classname="testCases.TC_03_HealthTest" name="displayResponse" time="0.338"/>
  <system-out/>
  <testcase classname="testCases.TC_03_HealthTest" name="displayAddResponse" time="1.097"/>
  <system-out/>
</testsuite> <!-- testCases.TC_03_HealthTest -->
