<?xml version="1.0" encoding="UTF-8"?>
<!-- Generated by org.testng.reporters.JUnitReportReporter -->
<testsuite hostname="LTIN208678" failures="0" tests="1" name="testCases.TC_01_HomePage" time="37.035" errors="0" timestamp="2024-02-21T15:32:09 IST" skipped="0">
  <testcase classname="testCases.TC_01_HomePage" name="searchLocation" time="37.035"/>
  <system-out/>
</testsuite> <!-- testCases.TC_01_HomePage -->
