<?xml version="1.0" encoding="UTF-8"?>
<!-- Generated by org.testng.reporters.JUnitReportReporter -->
<testsuite hostname="LTIN208678" failures="0" tests="8" name="testCases.TC_01_DentistPage" time="53.537" errors="0" timestamp="2024-02-23T09:06:02 IST" skipped="0">
  <testcase classname="testCases.TC_01_DentistPage" name="location" time="33.926"/>
  <system-out/>
  <testcase classname="testCases.TC_01_DentistPage" name="patientFilter" time="3.201"/>
  <system-out/>
  <testcase classname="testCases.TC_01_DentistPage" name="experienceFilter" time="3.184"/>
  <system-out/>
  <testcase classname="testCases.TC_01_DentistPage" name="allFilters" time="2.058"/>
  <system-out/>
  <testcase classname="testCases.TC_01_DentistPage" name="feesFilter" time="2.098"/>
  <system-out/>
  <testcase classname="testCases.TC_01_DentistPage" name="sortFilter" time="1.925"/>
  <system-out/>
  <testcase classname="testCases.TC_01_DentistPage" name="availableFilter" time="4.136"/>
  <system-out/>
  <testcase classname="testCases.TC_01_DentistPage" name="displayDoctorInfo" time="3.009"/>
  <system-out/>
</testsuite> <!-- testCases.TC_01_DentistPage -->
