<?xml version="1.0" encoding="UTF-8"?>
<!-- Generated by org.testng.reporters.JUnitReportReporter -->
<testsuite hostname="LTIN208678" failures="0" tests="8" name="testCases.TC_01_Doctor" time="44.803" errors="0" timestamp="2024-02-27T20:33:11 IST" skipped="0">
  <testcase classname="testCases.TC_01_Doctor" name="location" time="13.763"/>
  <system-out/>
  <testcase classname="testCases.TC_01_Doctor" name="patientFilter" time="3.455"/>
  <system-out/>
  <testcase classname="testCases.TC_01_Doctor" name="experienceFilter" time="5.468"/>
  <system-out/>
  <testcase classname="testCases.TC_01_Doctor" name="allFilters" time="2.102"/>
  <system-out/>
  <testcase classname="testCases.TC_01_Doctor" name="feesFilter" time="2.161"/>
  <system-out/>
  <testcase classname="testCases.TC_01_Doctor" name="sortFilter" time="4.421"/>
  <system-out/>
  <testcase classname="testCases.TC_01_Doctor" name="availableFilter" time="4.263"/>
  <system-out/>
  <testcase classname="testCases.TC_01_Doctor" name="displayDoctorInfo" time="9.170"/>
  <system-out/>
</testsuite> <!-- testCases.TC_01_Doctor -->
