<?xml version="1.0" encoding="UTF-8"?>
<!-- Generated by org.testng.reporters.JUnitReportReporter -->
<testsuite hostname="LTIN208678" failures="0" tests="5" name="testCases.TC_03_Health" time="67.921" errors="0" timestamp="2024-02-27T20:33:11 IST" skipped="0">
  <testcase classname="testCases.TC_03_Health" name="navigateToHospital" time="7.618"/>
  <system-out/>
  <testcase classname="testCases.TC_03_Health" name="negativeTesting" time="4.797"/>
  <system-out/>
  <testcase classname="testCases.TC_03_Health" name="positiveTesting" time="22.937"/>
  <system-out/>
  <testcase classname="testCases.TC_03_Health" name="displayResponse" time="30.687"/>
  <system-out/>
  <testcase classname="testCases.TC_03_Health" name="displayAddResponse" time="1.882"/>
  <system-out/>
</testsuite> <!-- testCases.TC_03_Health -->
