<?xml version="1.0" encoding="UTF-8"?>
<!-- Generated by org.testng.reporters.JUnitReportReporter -->
<testsuite hostname="LTIN208678" failures="0" tests="2" name="testCases.TC_02_Surgery" time="19.119" errors="0" timestamp="2024-02-27T20:33:11 IST" skipped="0">
  <testcase classname="testCases.TC_02_Surgery" name="navigateToSurgeries" time="5.099"/>
  <system-out/>
  <testcase classname="testCases.TC_02_Surgery" name="displaySurgeryElements" time="14.020"/>
  <system-out/>
</testsuite> <!-- testCases.TC_02_Surgery -->
